root@SZ-wengyongchun:~/Documents/tmp/n.o.b.i.i.t.r# ls ~/Documen
ts/tmp/git-lfs.script.deb.sh
~/Documents/tmp/git-lfs.script.deb.sh
root@SZ-wengyongchun:~/Documents/tmp/n.o.b.i.i.t.r# bash ~/Documents/tmp/git-lfs.script.deb.sh
Detected operating system as debian/11.
Checking for curl...
Installing curl...
Reading package lists...
Building dependency tree...
Reading state information...
The following NEW packages will be installed:
  curl
0 upgraded, 1 newly installed, 0 to remove and 25 not upgraded.
Need to get 270 kB of archives.
After this operation, 440 kB of additional disk space will be used.
Get:1 http://deb.debian.org/debian bullseye/main amd64 curl amd64 7.74.0-1.3+deb11u7 [270 kB]
Fetched 270 kB in 1s (300 kB/s)
Selecting previously unselected package curl.
(Reading database ... 70298 files and directories currently installed.)
Preparing to unpack .../curl_7.74.0-1.3+deb11u7_amd64.deb ...
Unpacking curl (7.74.0-1.3+deb11u7) ...
Setting up curl (7.74.0-1.3+deb11u7) ...
Processing triggers for man-db (2.9.4-2) ...
Checking for gpg...
Detected gpg...
Detected apt version as 2.2.4
Running apt-get update... done.
Installing debian-archive-keyring which is needed for installing 
apt-transport-https on many Debian systems.
Installing apt-transport-https... done.
Installing /etc/apt/sources.list.d/github_git-lfs.list...done.
Importing packagecloud gpg key... Packagecloud gpg key imported to /etc/apt/keyrings/github_git-lfs-archive-keyring.gpg
done.
Running apt-get update... done.

The repository is setup! You can now install packages.
root@SZ-wengyongchun:~/Documents/tmp/n.o.b.i.i.t.r# 
root@SZ-wengyongchun:~/Documents/tmp/n.o.b.i.i.t.r# apt list git-lfs
Listing... Done
git-lfs/bullseye 3.4.0 amd64
N: There are 10 additional versions. Please use the '-a' switch to see them.
root@SZ-wengyongchun:~/Documents/tmp/n.o.b.i.i.t.r# apt list git-lfs -a
Listing... Done
git-lfs/bullseye 3.4.0 amd64
git-lfs/bullseye-backports 3.3.0-1~bpo11+1 amd64
git-lfs/bullseye 3.3.0 amd64
git-lfs/bullseye 3.2.0 amd64
git-lfs/bullseye 3.1.4 amd64
git-lfs/bullseye 3.1.2 amd64
git-lfs/bullseye 3.1.1 amd64
git-lfs/bullseye 3.0.2 amd64
git-lfs/bullseye 3.0.1 amd64
git-lfs/bullseye 3.0.0 amd64
git-lfs/oldstable 2.13.2-1+b5 amd64

root@SZ-wengyongchun:~/Documents/tmp/n.o.b.i.i.t.r# apt install git-lfs
Reading package lists... Done
Building dependency tree... Done
Reading state information... Done
The following NEW packages will be installed:
  git-lfs
0 upgraded, 1 newly installed, 0 to remove and 27 not upgraded.
Need to get 7,244 kB of archives.
After this operation, 16.2 MB of additional disk space will be used.
Get:1 https://packagecloud.io/github/git-lfs/debian bullseye/main amd64 git-lfs amd64 3.4.0 [7,244 kB]
Fetched 7,244 kB in 2s (4,255 kB/s)  
Selecting previously unselected package git-lfs.
(Reading database ... 70310 files and directories currently installed.)
Preparing to unpack .../git-lfs_3.4.0_amd64.deb ...
Unpacking git-lfs (3.4.0) ...
Setting up git-lfs (3.4.0) ...
Git LFS initialized.
Processing triggers for man-db (2.9.4-2) ...
root@SZ-wengyongchun:~/Documents/tmp/n.o.b.i.i.t.r# git lfs install
Updated Git hooks.
Git LFS initialized.
root@SZ-wengyongchun:~/Documents/tmp/n.o.b.i.i.t.r# git lfs track "*.tar.gz"
Tracking "*.tar.gz"
root@SZ-wengyongchun:~/Documents/tmp/n.o.b.i.i.t.r# g
it status
On branch latest
Your branch is up to date with 'origin/latest'.

Untracked files:
  (use "git add <file>..." to include in what will be committed)
        .gitattributes
        src/git-lfs.install.log
        src/log.tar.gz

nothing added to commit but untracked files present (use "git add" to track)
root@SZ-wengyongchun:~/Documents/tmp/n.o.b.i.i.t.r# git add -A
root@SZ-wengyongchun:~/Documents/tmp/n.o.b.i.i.t.r# git lfs ls-files
01618d6f09 * src/log.tar.gz
root@SZ-wengyongchun:~/Documents/tmp/n.o.b.i.i.t.r#